0 info it worked if it ends with ok
1 verbose cli [ 'node', '/usr/local/bin/npm', 'install', 'labelauty' ]
2 info using npm@3.8.8
3 info using node@v0.12.5
4 silly loadCurrentTree Starting
5 silly install loadCurrentTree
6 silly install readLocalPackageData
7 silly fetchPackageMetaData labelauty
8 silly fetchNamedPackageData labelauty
9 silly mapToRegistry name labelauty
10 silly mapToRegistry using default registry
11 silly mapToRegistry registry http://registry.cnpmjs.org/
12 silly mapToRegistry data { raw: 'labelauty',
12 silly mapToRegistry   scope: null,
12 silly mapToRegistry   name: 'labelauty',
12 silly mapToRegistry   rawSpec: '',
12 silly mapToRegistry   spec: 'latest',
12 silly mapToRegistry   type: 'tag' }
13 silly mapToRegistry uri http://registry.cnpmjs.org/labelauty
14 verbose request uri http://registry.cnpmjs.org/labelauty
15 verbose request no auth needed
16 info attempt registry request try #1 at 17:06:55
17 verbose request id b063883de6e54e8b
18 http request GET http://registry.cnpmjs.org/labelauty
19 http 404 http://registry.cnpmjs.org/labelauty
20 verbose headers { server: 'nginx/1.4.6 (Ubuntu)',
20 verbose headers   date: 'Thu, 01 Sep 2016 09:06:56 GMT',
20 verbose headers   'content-type': 'application/json; charset=utf-8',
20 verbose headers   'transfer-encoding': 'chunked',
20 verbose headers   connection: 'keep-alive',
20 verbose headers   'x-current-requests': '1',
20 verbose headers   'x-readtime': '8',
20 verbose headers   'content-encoding': 'gzip' }
21 silly get cb [ 404,
21 silly get   { server: 'nginx/1.4.6 (Ubuntu)',
21 silly get     date: 'Thu, 01 Sep 2016 09:06:56 GMT',
21 silly get     'content-type': 'application/json; charset=utf-8',
21 silly get     'transfer-encoding': 'chunked',
21 silly get     connection: 'keep-alive',
21 silly get     'x-current-requests': '1',
21 silly get     'x-readtime': '8',
21 silly get     'content-encoding': 'gzip' } ]
22 silly fetchPackageMetaData Error: 404 Not Found: labelauty
22 silly fetchPackageMetaData     at makeError (/usr/local/lib/node_modules/npm/node_modules/npm-registry-client/lib/request.js:264:12)
22 silly fetchPackageMetaData     at CachingRegistryClient.<anonymous> (/usr/local/lib/node_modules/npm/node_modules/npm-registry-client/lib/request.js:250:14)
22 silly fetchPackageMetaData     at /usr/local/lib/node_modules/npm/node_modules/npm-registry-client/lib/request.js:178:7
22 silly fetchPackageMetaData     at Gunzip.onEnd (zlib.js:227:5)
22 silly fetchPackageMetaData     at Gunzip.emit (events.js:129:20)
22 silly fetchPackageMetaData     at _stream_readable.js:908:16
22 silly fetchPackageMetaData     at process._tickCallback (node.js:355:11)
22 silly fetchPackageMetaData  error for labelauty { [Error: 404 Not Found: labelauty] pkgid: 'labelauty', statusCode: 404, code: 'E404' }
23 silly rollbackFailedOptional Starting
24 silly rollbackFailedOptional Finishing
25 silly runTopLevelLifecycles Starting
26 silly runTopLevelLifecycles Finishing
27 silly install printInstalled
28 verbose stack Error: 404 Not Found: labelauty
28 verbose stack     at makeError (/usr/local/lib/node_modules/npm/node_modules/npm-registry-client/lib/request.js:264:12)
28 verbose stack     at CachingRegistryClient.<anonymous> (/usr/local/lib/node_modules/npm/node_modules/npm-registry-client/lib/request.js:250:14)
28 verbose stack     at /usr/local/lib/node_modules/npm/node_modules/npm-registry-client/lib/request.js:178:7
28 verbose stack     at Gunzip.onEnd (zlib.js:227:5)
28 verbose stack     at Gunzip.emit (events.js:129:20)
28 verbose stack     at _stream_readable.js:908:16
28 verbose stack     at process._tickCallback (node.js:355:11)
29 verbose statusCode 404
30 verbose pkgid labelauty
31 verbose cwd /Users/wujiangwei/WebstormProjects/wildhorse
32 error Darwin 15.6.0
33 error argv "node" "/usr/local/bin/npm" "install" "labelauty"
34 error node v0.12.5
35 error npm  v3.8.8
36 error code E404
37 error 404 Not Found: labelauty
38 error 404
39 error 404 'labelauty' is not in the npm registry.
40 error 404 You should bug the author to publish it (or use the name yourself!)
41 error 404 Note that you can also install from a
42 error 404 tarball, folder, http url, or git url.
43 verbose exit [ 1, true ]
